<?xml version="1.0" encoding="UTF-8"?>
<testng-results skipped="0" failed="0" ignored="0" total="1" passed="1">
  <reporter-output>
  </reporter-output>
  <suite name="TestNG-Cucumber Suite" duration-ms="26746" started-at="2019-11-21T14:50:43Z" finished-at="2019-11-21T14:51:09Z">
    <groups>
    </groups>
    <test name="Apple test" duration-ms="26746" started-at="2019-11-21T14:50:43Z" finished-at="2019-11-21T14:51:09Z">
      <class name="testRunner.Runner">
        <test-method status="PASS" signature="setUp()[pri:0, instance:testRunner.Runner@146ba0ac]" name="setUp" is-config="true" duration-ms="290" started-at="2019-11-21T14:50:43Z" finished-at="2019-11-21T14:50:43Z">
          <reporter-output>
          </reporter-output>
        </test-method> <!-- setUp -->
        <test-method status="PASS" signature="my_test(cucumber.api.testng.CucumberFeatureWrapper)[pri:0, instance:testRunner.Runner@146ba0ac]" name="my_test" duration-ms="26315" started-at="2019-11-21T14:50:43Z" data-provider="features" finished-at="2019-11-21T14:51:09Z">
          <params>
            <param index="0">
              <value>
                <![CDATA[Apple Airpods]]>
              </value>
            </param>
          </params>
          <reporter-output>
          </reporter-output>
        </test-method> <!-- my_test -->
        <test-method status="PASS" signature="tearDown()[pri:0, instance:testRunner.Runner@146ba0ac]" name="tearDown" is-config="true" duration-ms="32" started-at="2019-11-21T14:51:09Z" finished-at="2019-11-21T14:51:09Z">
          <reporter-output>
          </reporter-output>
        </test-method> <!-- tearDown -->
      </class> <!-- testRunner.Runner -->
    </test> <!-- Apple test -->
  </suite> <!-- TestNG-Cucumber Suite -->
</testng-results>
